Change Component Designator: Old Designator=B1 New Designator=B?
Change Component Designator: Old Designator=C8 New Designator=C?
Change Component Designator: Old Designator=C8M New Designator=C?
Change Component Designator: Old Designator=C9 New Designator=C?
Change Component Designator: Old Designator=C9M New Designator=C?
Change Component Designator: Old Designator=C10 New Designator=C?
Change Component Designator: Old Designator=C10M New Designator=C?
Change Component Designator: Old Designator=C11 New Designator=C?
Change Component Designator: Old Designator=C11M New Designator=C?
Change Component Designator: Old Designator=C16M New Designator=C?
Change Component Designator: Old Designator=C17M New Designator=C?
Change Component Designator: Old Designator=C18M New Designator=C?
Change Component Designator: Old Designator=C19M New Designator=C?
Change Component Designator: Old Designator=G1 New Designator=G?
Change Component Designator: Old Designator=R3 New Designator=R?
Change Component Designator: Old Designator=R4M New Designator=R?
Change Component Designator: Old Designator=R5 New Designator=R?
Change Component Designator: Old Designator=R5M New Designator=R?
Change Component Designator: Old Designator=R6 New Designator=R?
Change Component Designator: Old Designator=R6M New Designator=R?
Change Component Designator: Old Designator=S2 New Designator=S?
Change Component Designator: Old Designator=X1J New Designator=X?
